<?xml version="1.0" encoding="UTF-8"?>
<!-- Generated by org.testng.reporters.JUnitReportReporter -->
<testsuite hostname="DESKTOP-1GR1VUP" failures="0" tests="2" name="sivathoconjwaacademy.tests.ErrorValidations" time="33.621" errors="0" timestamp="11 Nov 2024 05:00:44 GMT" skipped="0">
  <testcase classname="sivathoconjwaacademy.tests.ErrorValidations" name="LoginErrorValidation" time="9.707"/>
  <testcase classname="sivathoconjwaacademy.tests.ErrorValidations" name="ProductErrorValidations" time="23.914"/>
</testsuite> <!-- sivathoconjwaacademy.tests.ErrorValidations -->
