<?xml version="1.0" encoding="UTF-8"?>
<!-- Generated by org.testng.reporters.JUnitReportReporter -->
<testsuite hostname="DESKTOP-1GR1VUP" failures="0" tests="2" name="cucumber.TestNGTestRunner" time="58.355" errors="0" timestamp="11 Nov 2024 09:00:44 GMT" skipped="0">
  <testcase classname="cucumber.TestNGTestRunner" name="runScenario" time="26.861"/>
  <testcase classname="cucumber.TestNGTestRunner" name="runScenario" time="31.494"/>
</testsuite> <!-- cucumber.TestNGTestRunner -->
