<?xml version="1.0" encoding="UTF-8"?>
<!-- Generated by org.testng.reporters.JUnitReportReporter -->
<testsuite hostname="DESKTOP-1GR1VUP" failures="0" tests="3" name="sivathoconjwaacademy.tests.SubmitOrderTest" time="77.362" errors="0" timestamp="11 Nov 2024 10:04:45 GMT" skipped="0">
  <testcase classname="sivathoconjwaacademy.tests.SubmitOrderTest" name="submitOrder" time="33.629"/>
  <testcase classname="sivathoconjwaacademy.tests.SubmitOrderTest" name="OrderHostoryTest" time="15.466"/>
  <testcase classname="sivathoconjwaacademy.tests.SubmitOrderTest" name="submitOrder" time="28.267"/>
</testsuite> <!-- sivathoconjwaacademy.tests.SubmitOrderTest -->
