<?xml version="1.0" encoding="UTF-8"?>
<!-- Generated by org.testng.reporters.JUnitReportReporter -->
<testsuite hostname="DESKTOP-1GR1VUP" failures="0" tests="2" name="sivathoconjwaacademy.tests.ErrorValidations" time="31.110" errors="0" timestamp="2024-11-11T13:25:30 SAST" skipped="0">
  <testcase classname="sivathoconjwaacademy.tests.ErrorValidations" name="LoginErrorValidation" time="4.296"/>
  <testcase classname="sivathoconjwaacademy.tests.ErrorValidations" name="ProductErrorValidations" time="26.814"/>
</testsuite> <!-- sivathoconjwaacademy.tests.ErrorValidations -->
