<?xml version="1.0" encoding="UTF-8"?>
<!-- Generated by org.testng.reporters.JUnitReportReporter -->
<testsuite hostname="DESKTOP-1GR1VUP" failures="0" tests="3" name="sivathoconjwaacademy.tests.SubmitOrderTest" time="64.534" errors="0" timestamp="2024-11-11T13:25:30 SAST" skipped="0">
  <testcase classname="sivathoconjwaacademy.tests.SubmitOrderTest" name="submitOrder" time="31.835"/>
  <testcase classname="sivathoconjwaacademy.tests.SubmitOrderTest" name="submitOrder" time="24.600"/>
  <testcase classname="sivathoconjwaacademy.tests.SubmitOrderTest" name="OrderHostoryTest" time="8.099"/>
</testsuite> <!-- sivathoconjwaacademy.tests.SubmitOrderTest -->
